C:\Users\Mateusz\Desktop\HR\MoInvoices\dist\out-tsc\ClientApp\app\components\customer\customer.component.js
C:\Users\Mateusz\Desktop\HR\MoInvoices\dist\out-tsc\ClientApp\app\components\customer\customer.component.js.map
C:\Users\Mateusz\Desktop\HR\MoInvoices\dist\out-tsc\ClientApp\app\components\app\app.component.js
C:\Users\Mateusz\Desktop\HR\MoInvoices\dist\out-tsc\ClientApp\app\components\app\app.component.js.map
C:\Users\Mateusz\Desktop\HR\MoInvoices\dist\out-tsc\ClientApp\app\components\document\document.component.js
C:\Users\Mateusz\Desktop\HR\MoInvoices\dist\out-tsc\ClientApp\app\components\document\document.component.js.map
C:\Users\Mateusz\Desktop\HR\MoInvoices\dist\out-tsc\ClientApp\app\app.module.js
C:\Users\Mateusz\Desktop\HR\MoInvoices\dist\out-tsc\ClientApp\app\app.module.js.map
C:\Users\Mateusz\Desktop\HR\MoInvoices\dist\out-tsc\ClientApp\boot.js
C:\Users\Mateusz\Desktop\HR\MoInvoices\dist\out-tsc\ClientApp\boot.js.map
C:\Users\Mateusz\Desktop\HR\MoInvoices\dist\out-tsc\ClientApp\environments\environment.js
C:\Users\Mateusz\Desktop\HR\MoInvoices\dist\out-tsc\ClientApp\environments\environment.js.map
C:\Users\Mateusz\Desktop\HR\MoInvoices\dist\out-tsc\ClientApp\main.js
C:\Users\Mateusz\Desktop\HR\MoInvoices\dist\out-tsc\ClientApp\main.js.map
C:\Users\Mateusz\Desktop\HR\MoInvoices\dist\out-tsc\ClientApp\polyfills.js
C:\Users\Mateusz\Desktop\HR\MoInvoices\dist\out-tsc\ClientApp\polyfills.js.map
C:\Users\Mateusz\Desktop\HR\MoInvoices\dist\out-tsc\ClientApp\test.js
C:\Users\Mateusz\Desktop\HR\MoInvoices\dist\out-tsc\ClientApp\test.js.map
C:\Users\Mateusz\Desktop\HR\MoInvoices\dist\out-tsc\ClientApp\app\app-routing.module.js
C:\Users\Mateusz\Desktop\HR\MoInvoices\dist\out-tsc\ClientApp\app\app-routing.module.js.map
C:\Users\Mateusz\Desktop\HR\MoInvoices\dist\out-tsc\ClientApp\environments\environment.prod.js
C:\Users\Mateusz\Desktop\HR\MoInvoices\dist\out-tsc\ClientApp\environments\environment.prod.js.map
C:\Users\Mateusz\Desktop\HR\MoInvoices\dist\out-tsc\e2e\src\app.po.js
C:\Users\Mateusz\Desktop\HR\MoInvoices\dist\out-tsc\e2e\src\app.po.js.map
C:\Users\Mateusz\Desktop\HR\MoInvoices\dist\out-tsc\e2e\src\app.e2e-spec.js
C:\Users\Mateusz\Desktop\HR\MoInvoices\dist\out-tsc\e2e\src\app.e2e-spec.js.map
